#A A
41.7673540115
3 1 0.15 0.15 0.01
#B B A
41.7679789066
3 0.0
0.507960319519 0.507960319519 0.507960319519
23.6364384564 46.6957243367 69.1778576411
#D A B
41.8729548454
3 0.507960319519 69.1778576411
#T B B
59.4337928295
0 0.748900413513 17.5592830181
#T B B
60.7706568241
1 0.731688499451 1.33679699898
#T B B
67.3152530193
2 0.706946372986 6.54444313049
#A A
67.616271019
3 0.108 0.15 0.15 0.01
#B B A
67.6168749332
3 24.024
0.507960319519 0.507960319519 0.507960319519
26.5272693205 53.3671638427 79.1850169001
#D A B
67.7186889648
3 0.507960319519 79.1850169001
#T B B
69.7660508156
3 0.732047080994 2.04561901093
#T B B
71.0396769047
4 0.711966514587 1.27342009544
